Arguments: 
  D:\Program Files\nodejs\node.exe C:\Users\chenyuhan\AppData\Roaming\npm\node_modules\yarn\bin\yarn.js add ES6

PATH: 
  C:\Program Files\Docker\Docker\Resources\bin;C:\Program Files (x86)\Common Files\Oracle\Java\javapath;C:\Program Files\Microsoft MPI\Bin\;C:\ProgramData\Oracle\Java\javapath;C:\WINDOWS\system32;C:\WINDOWS;C:\WINDOWS\System32\Wbem;C:\WINDOWS\System32\WindowsPowerShell\v1.0\;C:\Program Files (x86)\NVIDIA Corporation\PhysX\Common;C:\Program Files (x86)\GtkSharp\2.12\bin;C:\Program Files\Common Files\Autodesk Shared\;D:\软件\面向对象\common;C:\Proram Files\Java\jdk1.8.0_144\bin;C:\Program Files\Java\jre1.8.0_144\bin;d:\Progam Files\SQL Server\100\Tools\Binn\;C:\Progam Files (x86)\Microsoft Visual Studio 9.0\Common7\IDE\PrivateAssemblies\;am File\dotnet\;ystemRoot%\system32;C:\WINDOWS;C:\WINDOWS\System32\Wbem;C:\WINDOWS\System32\WindowsPowerShell\v1.0\;\Program Files\MySQL\MySQL Utilities 1.6\;D:\Chromedriver\Program Files\Intel\WiFi\bin\;C:\Program Files\Common Files\Intel\WirelessCommon\;D:\Program Files\Git\cmd;C:\Program Files\MySQL\MySQL Server 5.7\bin;C:\Program Files (x86)\MySQL\MySQL Utilities 1.6\;D:\Program Files\Tesseract-OCR;D:\Program Files\Tesseract-OCR\tessdata;D:\Program Files\Python;D:\Program Files\Python\Scripts;D:\Chromedriver;D:\工具包\apache-tomcat-9.0.0.M17\bin;C:\WINDOWS\system32;C:\WINDOWS\System32\OpenSSH\;C:\Program Files\dotnet\;C:\Program Files\MongoDB\Server\4.0\bin;D:\Program Files\nodejs\;D:\Program Files (x86)\SQLServer\100\Tools\Binn\;D:\Program Files\SQLServer\100\Tools\Binn\;D:\Program Files\SQLServer\100\DTS\Binn\;D:\Program Files (x86)\SQLServer\100\Tools\Binn\VSShell\Common7\IDE\;C:\Program Files (x86)\Microsoft Visual Studio 9.0\Common7\IDE\PrivateAssemblies\;D:\Program Files (x86)\SQLServer\100\DTS\Binn\;C:\Program Files (x86)\Common Files\Thunder Network\KanKan\Codecs;C:\Program Files\Java\jdk1.8.0_144\bin;C:\Users\chenyuhan\AppData\Local\Microsoft\WindowsApps;C:\Program Files\Intel\WiFi\bin\;C:\Program Files\Common Files\Intel\WirelessCommon\;C:\Users\chenyuhan\AppData\Local\Microsoft\WindowsApps;;D:\Program Files\VScode\Microsoft VS Code\bin;C:\Users\chenyuhan\AppData\Roaming\npm

Yarn version: 
  1.9.4

Node version: 
  10.10.0

Platform: 
  win32 x64

Trace: 
  Error: https://registry.npm.taobao.org/ES6: Not found
      at Request.params.callback [as _callback] (C:\Users\chenyuhan\AppData\Roaming\npm\node_modules\yarn\lib\cli.js:64202:18)
      at Request.self.callback (C:\Users\chenyuhan\AppData\Roaming\npm\node_modules\yarn\lib\cli.js:137468:22)
      at Request.emit (events.js:182:13)
      at Request.<anonymous> (C:\Users\chenyuhan\AppData\Roaming\npm\node_modules\yarn\lib\cli.js:138440:10)
      at Request.emit (events.js:182:13)
      at IncomingMessage.<anonymous> (C:\Users\chenyuhan\AppData\Roaming\npm\node_modules\yarn\lib\cli.js:138362:12)
      at Object.onceWrapper (events.js:273:13)
      at IncomingMessage.emit (events.js:187:15)
      at endReadableNT (_stream_readable.js:1092:12)
      at process._tickCallback (internal/process/next_tick.js:63:19)

npm manifest: 
  No manifest

yarn manifest: 
  No manifest

Lockfile: 
  No lockfile
